[2m15:57:43[22m [31m[1m[vite][22m[39m [31mws proxy error:[39m
AggregateError [ECONNREFUSED]: 
    at internalConnectMultiple (node:net:1193:18)
    at afterConnectMultiple (node:net:1783:7)
[2m16:03:10[22m [31m[1m[vite][22m[39m [31mws proxy error:[39m
AggregateError [ECONNREFUSED]: 
    at internalConnectMultiple (node:net:1193:18)
    at afterConnectMultiple (node:net:1783:7)
[2m16:03:10[22m [31m[1m[vite][22m[39m [31mws proxy error:[39m
AggregateError [ECONNREFUSED]: 
    at internalConnectMultiple (node:net:1193:18)
    at afterConnectMultiple (node:net:1783:7)
[2m16:03:11[22m [31m[1m[vite][22m[39m [31mws proxy error:[39m
AggregateError [ECONNREFUSED]: 
    at internalConnectMultiple (node:net:1193:18)
    at afterConnectMultiple (node:net:1783:7)
[2m16:03:11[22m [31m[1m[vite][22m[39m [31mws proxy error:[39m
AggregateError [ECONNREFUSED]: 
    at internalConnectMultiple (node:net:1193:18)
    at afterConnectMultiple (node:net:1783:7)
[2m16:03:11[22m [31m[1m[vite][22m[39m [31mws proxy error:[39m
AggregateError [ECONNREFUSED]: 
    at internalConnectMultiple (node:net:1193:18)
    at afterConnectMultiple (node:net:1783:7)
[2m16:03:12[22m [31m[1m[vite][22m[39m [31mws proxy error:[39m
AggregateError [ECONNREFUSED]: 
    at internalConnectMultiple (node:net:1193:18)
    at afterConnectMultiple (node:net:1783:7)
[2m16:03:13[22m [31m[1m[vite][22m[39m [31mws proxy error:[39m
AggregateError [ECONNREFUSED]: 
    at internalConnectMultiple (node:net:1193:18)
    at afterConnectMultiple (node:net:1783:7)
[2m16:03:14[22m [31m[1m[vite][22m[39m [31mws proxy error:[39m
AggregateError [ECONNREFUSED]: 
    at internalConnectMultiple (node:net:1193:18)
    at afterConnectMultiple (node:net:1783:7)
[2m16:03:16[22m [31m[1m[vite][22m[39m [31mws proxy error:[39m
AggregateError [ECONNREFUSED]: 
    at internalConnectMultiple (node:net:1193:18)
    at afterConnectMultiple (node:net:1783:7)
[2m16:03:16[22m [31m[1m[vite][22m[39m [31mws proxy error:[39m
AggregateError [ECONNREFUSED]: 
    at internalConnectMultiple (node:net:1193:18)
    at afterConnectMultiple (node:net:1783:7)
[2m16:04:13[22m [31m[1m[vite][22m[39m [31mws proxy error:[39m
AggregateError [ECONNREFUSED]: 
    at internalConnectMultiple (node:net:1193:18)
    at afterConnectMultiple (node:net:1783:7)
[2m16:05:11[22m [31m[1m[vite][22m[39m [31mws proxy error:[39m
AggregateError [ECONNREFUSED]: 
    at internalConnectMultiple (node:net:1193:18)
    at afterConnectMultiple (node:net:1783:7)
[2m16:05:12[22m [31m[1m[vite][22m[39m [31mws proxy error:[39m
AggregateError [ECONNREFUSED]: 
    at internalConnectMultiple (node:net:1193:18)
    at afterConnectMultiple (node:net:1783:7)
[2m16:05:12[22m [31m[1m[vite][22m[39m [31mws proxy error:[39m
AggregateError [ECONNREFUSED]: 
    at internalConnectMultiple (node:net:1193:18)
    at afterConnectMultiple (node:net:1783:7)
[2m16:05:12[22m [31m[1m[vite][22m[39m [31mws proxy error:[39m
AggregateError [ECONNREFUSED]: 
    at internalConnectMultiple (node:net:1193:18)
    at afterConnectMultiple (node:net:1783:7)
[2m16:05:13[22m [31m[1m[vite][22m[39m [31mws proxy error:[39m
AggregateError [ECONNREFUSED]: 
    at internalConnectMultiple (node:net:1193:18)
    at afterConnectMultiple (node:net:1783:7)
[2m16:05:13[22m [31m[1m[vite][22m[39m [31mws proxy error:[39m
AggregateError [ECONNREFUSED]: 
    at internalConnectMultiple (node:net:1193:18)
    at afterConnectMultiple (node:net:1783:7)
[2m16:05:15[22m [31m[1m[vite][22m[39m [31mws proxy error:[39m
AggregateError [ECONNREFUSED]: 
    at internalConnectMultiple (node:net:1193:18)
    at afterConnectMultiple (node:net:1783:7)
[2m16:05:15[22m [31m[1m[vite][22m[39m [31mws proxy error:[39m
AggregateError [ECONNREFUSED]: 
    at internalConnectMultiple (node:net:1193:18)
    at afterConnectMultiple (node:net:1783:7)
[2m16:06:23[22m [31m[1m[vite][22m[39m [31mws proxy error:[39m
AggregateError [ECONNREFUSED]: 
    at internalConnectMultiple (node:net:1193:18)
    at afterConnectMultiple (node:net:1783:7)
[2m16:11:23[22m [31m[1m[vite][22m[39m [31mws proxy error:[39m
AggregateError [ECONNREFUSED]: 
    at internalConnectMultiple (node:net:1193:18)
    at afterConnectMultiple (node:net:1783:7)
[2m16:13:36[22m [31m[1m[vite][22m[39m [31mws proxy error:[39m
Error: read ECONNRESET
    at TCP.onStreamRead (node:internal/stream_base_commons:216:20)
[2m16:13:38[22m [31m[1m[vite][22m[39m [31mws proxy error:[39m
AggregateError [ECONNREFUSED]: 
    at internalConnectMultiple (node:net:1193:18)
    at afterConnectMultiple (node:net:1783:7)
[2m16:13:41[22m [31m[1m[vite][22m[39m [31mws proxy error:[39m
AggregateError [ECONNREFUSED]: 
    at internalConnectMultiple (node:net:1193:18)
    at afterConnectMultiple (node:net:1783:7)
[2m16:13:46[22m [31m[1m[vite][22m[39m [31mws proxy error:[39m
AggregateError [ECONNREFUSED]: 
    at internalConnectMultiple (node:net:1193:18)
    at afterConnectMultiple (node:net:1783:7)
[2m16:14:44[22m [31m[1m[vite][22m[39m [31mhttp proxy error: /api/v1/session/status[39m
AggregateError [ECONNREFUSED]: 
    at internalConnectMultiple (node:net:1193:18)
    at afterConnectMultiple (node:net:1783:7)
[2m16:16:44[22m [31m[1m[vite][22m[39m [31mws proxy error:[39m
AggregateError [ECONNREFUSED]: 
    at internalConnectMultiple (node:net:1193:18)
    at afterConnectMultiple (node:net:1783:7)
[2m16:49:04[22m [31m[1m[vite][22m[39m [31mws proxy error:[39m
Error: read ECONNRESET
    at TCP.onStreamRead (node:internal/stream_base_commons:216:20)
[2m16:49:06[22m [31m[1m[vite][22m[39m [31mws proxy error:[39m
AggregateError [ECONNREFUSED]: 
    at internalConnectMultiple (node:net:1193:18)
    at afterConnectMultiple (node:net:1783:7)
[2m16:49:09[22m [31m[1m[vite][22m[39m [31mws proxy error:[39m
AggregateError [ECONNREFUSED]: 
    at internalConnectMultiple (node:net:1193:18)
    at afterConnectMultiple (node:net:1783:7)
[2m16:49:14[22m [31m[1m[vite][22m[39m [31mws proxy error:[39m
AggregateError [ECONNREFUSED]: 
    at internalConnectMultiple (node:net:1193:18)
    at afterConnectMultiple (node:net:1783:7)
[2m16:50:42[22m [31m[1m[vite][22m[39m [31mws proxy error:[39m
Error: read ECONNRESET
    at TCP.onStreamRead (node:internal/stream_base_commons:216:20)
[2m16:50:44[22m [31m[1m[vite][22m[39m [31mws proxy error:[39m
AggregateError [ECONNREFUSED]: 
    at internalConnectMultiple (node:net:1193:18)
    at afterConnectMultiple (node:net:1783:7)
[2m16:50:47[22m [31m[1m[vite][22m[39m [31mws proxy error:[39m
AggregateError [ECONNREFUSED]: 
    at internalConnectMultiple (node:net:1193:18)
    at afterConnectMultiple (node:net:1783:7)
[2m16:50:52[22m [31m[1m[vite][22m[39m [31mws proxy error:[39m
AggregateError [ECONNREFUSED]: 
    at internalConnectMultiple (node:net:1193:18)
    at afterConnectMultiple (node:net:1783:7)
[2m16:52:22[22m [31m[1m[vite][22m[39m [31mhttp proxy error: /api/v1/products/e9ab74df-d1e8-469e-a8d0-c768b544bb15[39m
AggregateError [ECONNREFUSED]: 
    at internalConnectMultiple (node:net:1193:18)
    at afterConnectMultiple (node:net:1783:7)
[33m[vite:css][postcss] @import must precede all other statements (besides @charset or empty @layer)
1348|    }
1349|  }
1350|  @import url("https://fonts.googleapis.com/css2?family=Inter:wght@400;500;600;700&display=swap");
   |  ^^^^^^^^^^^^^^^^^^^^^^^^^^^^^^^^^^^^^^^^^^^^^^^^^^^^^^^^^^^^^^^^^^^^^^^^^^^^^^^^^^^^^^^^^^^^^^^^
1351|  :root {
1352|    color-scheme: dark;[39m
